Determining if the pthread_create exist failed with the following output:
Change Dir: /home/farhan/catkin_ws/build/CMakeFiles/CMakeTmp

Run Build Command:"/usr/bin/make" "cmTC_ff759/fast"
/usr/bin/make -f CMakeFiles/cmTC_ff759.dir/build.make CMakeFiles/cmTC_ff759.dir/build
make[1]: Entering directory '/home/farhan/catkin_ws/build/CMakeFiles/CMakeTmp'
Building C object CMakeFiles/cmTC_ff759.dir/CheckSymbolExists.c.o
/usr/bin/cc     -o CMakeFiles/cmTC_ff759.dir/CheckSymbolExists.c.o   -c /home/farhan/catkin_ws/build/CMakeFiles/CMakeTmp/CheckSymbolExists.c
Linking C executable cmTC_ff759
/usr/bin/cmake -E cmake_link_script CMakeFiles/cmTC_ff759.dir/link.txt --verbose=1
/usr/bin/cc       CMakeFiles/cmTC_ff759.dir/CheckSymbolExists.c.o  -o cmTC_ff759 -rdynamic 
CMakeFiles/cmTC_ff759.dir/CheckSymbolExists.c.o: In function `main':
CheckSymbolExists.c:(.text+0xe): undefined reference to `pthread_create'
CheckSymbolExists.c:(.text+0x12): undefined reference to `pthread_create'
collect2: error: ld returned 1 exit status
CMakeFiles/cmTC_ff759.dir/build.make:97: recipe for target 'cmTC_ff759' failed
make[1]: *** [cmTC_ff759] Error 1
make[1]: Leaving directory '/home/farhan/catkin_ws/build/CMakeFiles/CMakeTmp'
Makefile:126: recipe for target 'cmTC_ff759/fast' failed
make: *** [cmTC_ff759/fast] Error 2

File /home/farhan/catkin_ws/build/CMakeFiles/CMakeTmp/CheckSymbolExists.c:
/* */
#include <pthread.h>

int main(int argc, char** argv)
{
  (void)argv;
#ifndef pthread_create
  return ((int*)(&pthread_create))[argc];
#else
  (void)argc;
  return 0;
#endif
}

Determining if the function pthread_create exists in the pthreads failed with the following output:
Change Dir: /home/farhan/catkin_ws/build/CMakeFiles/CMakeTmp

Run Build Command:"/usr/bin/make" "cmTC_18e35/fast"
/usr/bin/make -f CMakeFiles/cmTC_18e35.dir/build.make CMakeFiles/cmTC_18e35.dir/build
make[1]: Entering directory '/home/farhan/catkin_ws/build/CMakeFiles/CMakeTmp'
Building C object CMakeFiles/cmTC_18e35.dir/CheckFunctionExists.c.o
/usr/bin/cc    -DCHECK_FUNCTION_EXISTS=pthread_create   -o CMakeFiles/cmTC_18e35.dir/CheckFunctionExists.c.o   -c /usr/share/cmake-3.5/Modules/CheckFunctionExists.c
Linking C executable cmTC_18e35
/usr/bin/cmake -E cmake_link_script CMakeFiles/cmTC_18e35.dir/link.txt --verbose=1
/usr/bin/cc   -DCHECK_FUNCTION_EXISTS=pthread_create    CMakeFiles/cmTC_18e35.dir/CheckFunctionExists.c.o  -o cmTC_18e35 -rdynamic -lpthreads 
/usr/bin/ld: cannot find -lpthreads
collect2: error: ld returned 1 exit status
CMakeFiles/cmTC_18e35.dir/build.make:97: recipe for target 'cmTC_18e35' failed
make[1]: *** [cmTC_18e35] Error 1
make[1]: Leaving directory '/home/farhan/catkin_ws/build/CMakeFiles/CMakeTmp'
Makefile:126: recipe for target 'cmTC_18e35/fast' failed
make: *** [cmTC_18e35/fast] Error 2


